===> Save to: /storage/mnist/model/nin_bn//nin_
===> use_cuda: false
===> Load mnist done
===> Loaded dataset: data_provider/distort_mnist.lua
===> backend: nn
===> Creating model from script: models/nin.lua
nn.Sequential {
  [input -> (1) -> (2) -> (3) -> (4) -> (5) -> (6) -> (7) -> (8) -> (9) -> (10) -> (11) -> (12) -> (13) -> (14) -> (15) -> (16) -> (17) -> (18) -> (19) -> (20) -> (21) -> (22) -> (23) -> (24) -> (25) -> (26) -> (27) -> (28) -> (29) -> (30) -> (31) -> (32) -> (33) -> (34) -> (35) -> (36) -> (37) -> output]
  (1): nn.SpatialConvolution(1 -> 16, 3x3, 1,1, 1,1)
  (2): nn.SpatialBatchNormalization
  (3): nn.ReLU
  (4): nn.Dropout(0.300000)
  (5): nn.SpatialConvolution(16 -> 16, 3x3, 1,1, 1,1)
  (6): nn.SpatialBatchNormalization
  (7): nn.ReLU
  (8): nn.Dropout(0.300000)
  (9): nn.SpatialConvolution(16 -> 32, 1x1)
  (10): nn.SpatialBatchNormalization
  (11): nn.ReLU
  (12): nn.SpatialConvolution(32 -> 48, 1x1)
  (13): nn.SpatialBatchNormalization
  (14): nn.ReLU
  (15): nn.SpatialMaxPooling(2,2,2,2)
  (16): nn.SpatialConvolution(48 -> 48, 3x3, 1,1, 1,1)
  (17): nn.SpatialBatchNormalization
  (18): nn.ReLU
  (19): nn.Dropout(0.400000)
  (20): nn.SpatialConvolution(48 -> 48, 3x3, 1,1, 1,1)
  (21): nn.SpatialBatchNormalization
  (22): nn.ReLU
  (23): nn.Dropout(0.400000)
  (24): nn.SpatialConvolution(48 -> 64, 1x1)
  (25): nn.SpatialBatchNormalization
  (26): nn.ReLU
  (27): nn.SpatialConvolution(64 -> 64, 1x1)
  (28): nn.SpatialBatchNormalization
  (29): nn.ReLU
  (30): nn.SpatialMaxPooling(2,2,2,2)
  (31): nn.View
  (32): nn.Linear(4096 -> 320)
  (33): nn.BatchNormalization
  (34): nn.ReLU
  (35): nn.Dropout(0.500000)
  (36): nn.Linear(320 -> 10)
  (37): nn.LogSoftMax
}
nn.ClassNLLCriterion
===> use_stn: false
===> do_distort: true
===> model_script: models/nin.lua
===> sampling_grid_size: 32
===> test_initialization: false
batch: 00001 lr: 0.050000 loss: 2.332016 err: 93.7500
batch: 00002 lr: 0.050000 loss: 2.286374 err: 83.3333
batch: 00003 lr: 0.050000 loss: 2.354907 err: 87.5000
batch: 00004 lr: 0.050000 loss: 2.295149 err: 77.0833
batch: 00005 lr: 0.050000 loss: 2.458891 err: 93.7500
batch: 00006 lr: 0.050000 loss: 2.270232 err: 87.5000
batch: 00007 lr: 0.050000 loss: 2.271243 err: 87.5000
batch: 00008 lr: 0.050000 loss: 2.213779 err: 83.3333
batch: 00009 lr: 0.050000 loss: 2.242331 err: 81.2500
batch: 00010 lr: 0.050000 loss: 2.287315 err: 83.3333
batch: 00011 lr: 0.050000 loss: 2.383769 err: 87.5000
batch: 00012 lr: 0.050000 loss: 2.339728 err: 79.1667
batch: 00013 lr: 0.050000 loss: 2.321496 err: 89.5833
batch: 00014 lr: 0.050000 loss: 2.201653 err: 83.3333
batch: 00015 lr: 0.050000 loss: 2.396611 err: 77.0833
batch: 00016 lr: 0.050000 loss: 2.500206 err: 91.6667
batch: 00017 lr: 0.050000 loss: 2.352957 err: 85.4167
batch: 00018 lr: 0.050000 loss: 2.354306 err: 91.6667
batch: 00019 lr: 0.050000 loss: 2.335821 err: 89.5833
batch: 00020 lr: 0.050000 loss: 2.306811 err: 87.5000
batch: 00021 lr: 0.050000 loss: 2.239976 err: 85.4167
batch: 00022 lr: 0.050000 loss: 2.284675 err: 83.3333
batch: 00023 lr: 0.050000 loss: 2.246879 err: 81.2500
batch: 00024 lr: 0.050000 loss: 2.365463 err: 79.1667
batch: 00025 lr: 0.050000 loss: 2.190132 err: 81.2500
batch: 00026 lr: 0.050000 loss: 2.285898 err: 85.4167
batch: 00027 lr: 0.050000 loss: 2.485415 err: 93.7500
batch: 00028 lr: 0.050000 loss: 2.297623 err: 83.3333
batch: 00029 lr: 0.050000 loss: 2.286230 err: 68.7500
batch: 00030 lr: 0.050000 loss: 2.313197 err: 87.5000
batch: 00031 lr: 0.050000 loss: 2.217510 err: 81.2500
batch: 00032 lr: 0.050000 loss: 2.257808 err: 79.1667
batch: 00033 lr: 0.050000 loss: 2.243496 err: 87.5000
batch: 00034 lr: 0.050000 loss: 2.381496 err: 89.5833
batch: 00035 lr: 0.050000 loss: 2.220601 err: 79.1667
batch: 00036 lr: 0.050000 loss: 2.047665 err: 58.3333
batch: 00037 lr: 0.050000 loss: 2.191861 err: 83.3333
batch: 00038 lr: 0.050000 loss: 2.219790 err: 79.1667
batch: 00039 lr: 0.050000 loss: 2.130242 err: 83.3333
batch: 00040 lr: 0.050000 loss: 2.247433 err: 85.4167
batch: 00041 lr: 0.050000 loss: 2.135221 err: 75.0000
batch: 00042 lr: 0.050000 loss: 2.201429 err: 79.1667
batch: 00043 lr: 0.050000 loss: 2.261540 err: 85.4167
batch: 00044 lr: 0.050000 loss: 2.237139 err: 81.2500
batch: 00045 lr: 0.050000 loss: 2.202399 err: 83.3333
batch: 00046 lr: 0.050000 loss: 2.108863 err: 75.0000
batch: 00047 lr: 0.050000 loss: 2.139088 err: 83.3333
batch: 00048 lr: 0.050000 loss: 2.297159 err: 81.2500
batch: 00049 lr: 0.050000 loss: 2.141304 err: 75.0000
batch: 00050 lr: 0.050000 loss: 2.185577 err: 81.2500
batch: 00051 lr: 0.050000 loss: 2.288644 err: 79.1667
batch: 00052 lr: 0.050000 loss: 2.216645 err: 85.4167
batch: 00053 lr: 0.050000 loss: 2.164738 err: 77.0833
batch: 00054 lr: 0.050000 loss: 2.030969 err: 66.6667
batch: 00055 lr: 0.050000 loss: 2.046673 err: 64.5833
batch: 00056 lr: 0.050000 loss: 2.199440 err: 83.3333
batch: 00057 lr: 0.050000 loss: 2.097636 err: 79.1667
batch: 00058 lr: 0.050000 loss: 2.219409 err: 85.4167
batch: 00059 lr: 0.050000 loss: 2.144685 err: 75.0000
batch: 00060 lr: 0.050000 loss: 2.263306 err: 79.1667
batch: 00061 lr: 0.050000 loss: 2.036118 err: 70.8333
batch: 00062 lr: 0.050000 loss: 2.167578 err: 79.1667
batch: 00063 lr: 0.050000 loss: 2.146789 err: 75.0000
batch: 00064 lr: 0.050000 loss: 2.131254 err: 70.8333
batch: 00065 lr: 0.050000 loss: 2.149506 err: 77.0833
batch: 00066 lr: 0.050000 loss: 2.060288 err: 70.8333
batch: 00067 lr: 0.050000 loss: 2.226532 err: 85.4167
batch: 00068 lr: 0.050000 loss: 2.093646 err: 77.0833
batch: 00069 lr: 0.050000 loss: 2.221156 err: 87.5000
batch: 00070 lr: 0.050000 loss: 2.169059 err: 83.3333
batch: 00071 lr: 0.050000 loss: 2.055004 err: 75.0000
batch: 00072 lr: 0.050000 loss: 2.052080 err: 70.8333
batch: 00073 lr: 0.050000 loss: 2.073426 err: 75.0000
batch: 00074 lr: 0.050000 loss: 2.110741 err: 75.0000
batch: 00075 lr: 0.050000 loss: 2.177372 err: 72.9167
batch: 00076 lr: 0.050000 loss: 2.079295 err: 72.9167
batch: 00077 lr: 0.050000 loss: 2.331042 err: 87.5000
batch: 00078 lr: 0.050000 loss: 2.041217 err: 72.9167
batch: 00079 lr: 0.050000 loss: 2.047491 err: 79.1667
batch: 00080 lr: 0.050000 loss: 1.918211 err: 70.8333
batch: 00081 lr: 0.050000 loss: 2.208966 err: 83.3333
batch: 00082 lr: 0.050000 loss: 2.131391 err: 77.0833
batch: 00083 lr: 0.050000 loss: 2.143681 err: 83.3333
batch: 00084 lr: 0.050000 loss: 1.984841 err: 72.9167
batch: 00085 lr: 0.050000 loss: 2.101596 err: 81.2500
batch: 00086 lr: 0.050000 loss: 1.968542 err: 77.0833
batch: 00087 lr: 0.050000 loss: 2.260743 err: 81.2500
batch: 00088 lr: 0.050000 loss: 2.088695 err: 79.1667
batch: 00089 lr: 0.050000 loss: 2.043885 err: 72.9167
batch: 00090 lr: 0.050000 loss: 2.085006 err: 70.8333
batch: 00091 lr: 0.050000 loss: 1.962016 err: 70.8333
batch: 00092 lr: 0.050000 loss: 2.014564 err: 68.7500
batch: 00093 lr: 0.050000 loss: 2.179471 err: 81.2500
batch: 00094 lr: 0.050000 loss: 1.965520 err: 70.8333
batch: 00095 lr: 0.050000 loss: 1.974308 err: 72.9167
batch: 00096 lr: 0.050000 loss: 1.982819 err: 77.0833
batch: 00097 lr: 0.050000 loss: 2.191323 err: 70.8333
batch: 00098 lr: 0.050000 loss: 2.132409 err: 81.2500
batch: 00099 lr: 0.050000 loss: 2.176321 err: 75.0000
batch: 00100 lr: 0.050000 loss: 2.031090 err: 72.9167
batch: 00101 lr: 0.050000 loss: 2.155901 err: 83.3333
batch: 00102 lr: 0.050000 loss: 2.181340 err: 79.1667
batch: 00103 lr: 0.050000 loss: 2.032475 err: 75.0000
batch: 00104 lr: 0.050000 loss: 2.016777 err: 70.8333
batch: 00105 lr: 0.050000 loss: 1.927975 err: 60.4167
batch: 00106 lr: 0.050000 loss: 2.178216 err: 77.0833
batch: 00107 lr: 0.050000 loss: 1.926146 err: 62.5000
batch: 00108 lr: 0.050000 loss: 2.040698 err: 72.9167
batch: 00109 lr: 0.050000 loss: 1.976724 err: 68.7500
batch: 00110 lr: 0.050000 loss: 1.979345 err: 66.6667
batch: 00111 lr: 0.050000 loss: 2.180949 err: 75.0000
batch: 00112 lr: 0.050000 loss: 2.148448 err: 75.0000
batch: 00113 lr: 0.050000 loss: 2.144803 err: 79.1667
batch: 00114 lr: 0.050000 loss: 2.180236 err: 72.9167
batch: 00115 lr: 0.050000 loss: 1.989537 err: 66.6667
batch: 00116 lr: 0.050000 loss: 2.036986 err: 75.0000
batch: 00117 lr: 0.050000 loss: 1.920665 err: 72.9167
batch: 00118 lr: 0.050000 loss: 2.039942 err: 66.6667
batch: 00119 lr: 0.050000 loss: 2.038996 err: 66.6667
batch: 00120 lr: 0.050000 loss: 2.074077 err: 83.3333
batch: 00121 lr: 0.050000 loss: 1.880882 err: 72.9167
batch: 00122 lr: 0.050000 loss: 2.057899 err: 77.0833
batch: 00123 lr: 0.050000 loss: 2.085927 err: 79.1667
batch: 00124 lr: 0.050000 loss: 2.056362 err: 75.0000
batch: 00125 lr: 0.050000 loss: 2.112755 err: 70.8333
batch: 00126 lr: 0.050000 loss: 2.028273 err: 79.1667
batch: 00127 lr: 0.050000 loss: 1.896518 err: 68.7500
batch: 00128 lr: 0.050000 loss: 1.986947 err: 72.9167
batch: 00129 lr: 0.050000 loss: 2.046187 err: 72.9167
batch: 00130 lr: 0.050000 loss: 2.052494 err: 70.8333
batch: 00131 lr: 0.050000 loss: 2.049362 err: 77.0833
batch: 00132 lr: 0.050000 loss: 2.046504 err: 70.8333
batch: 00133 lr: 0.050000 loss: 2.063660 err: 81.2500
batch: 00134 lr: 0.050000 loss: 1.929960 err: 70.8333
batch: 00135 lr: 0.050000 loss: 1.991266 err: 72.9167
batch: 00136 lr: 0.050000 loss: 2.095139 err: 77.0833
batch: 00137 lr: 0.050000 loss: 1.940576 err: 64.5833
batch: 00138 lr: 0.050000 loss: 2.018715 err: 70.8333
batch: 00139 lr: 0.050000 loss: 2.060365 err: 77.0833
batch: 00140 lr: 0.050000 loss: 2.024066 err: 72.9167
batch: 00141 lr: 0.050000 loss: 2.079185 err: 77.0833
batch: 00142 lr: 0.050000 loss: 2.170234 err: 85.4167
batch: 00143 lr: 0.050000 loss: 2.164500 err: 79.1667
batch: 00144 lr: 0.050000 loss: 1.927833 err: 70.8333
batch: 00145 lr: 0.050000 loss: 2.069592 err: 66.6667
batch: 00146 lr: 0.050000 loss: 2.103694 err: 66.6667
batch: 00147 lr: 0.050000 loss: 1.871737 err: 64.5833
batch: 00148 lr: 0.050000 loss: 2.226299 err: 81.2500
batch: 00149 lr: 0.050000 loss: 2.063805 err: 79.1667
batch: 00150 lr: 0.050000 loss: 1.944242 err: 66.6667
batch: 00151 lr: 0.050000 loss: 2.007002 err: 66.6667
batch: 00152 lr: 0.050000 loss: 2.041677 err: 77.0833
batch: 00153 lr: 0.050000 loss: 1.893517 err: 77.0833
batch: 00154 lr: 0.050000 loss: 2.172811 err: 83.3333
batch: 00155 lr: 0.050000 loss: 2.004133 err: 64.5833
batch: 00156 lr: 0.050000 loss: 1.946952 err: 81.2500
batch: 00157 lr: 0.050000 loss: 2.097487 err: 81.2500
batch: 00158 lr: 0.050000 loss: 1.823863 err: 60.4167
batch: 00159 lr: 0.050000 loss: 2.018709 err: 70.8333
batch: 00160 lr: 0.050000 loss: 2.077739 err: 75.0000
batch: 00161 lr: 0.050000 loss: 2.307084 err: 87.5000
batch: 00162 lr: 0.050000 loss: 2.134212 err: 79.1667
batch: 00163 lr: 0.050000 loss: 2.027097 err: 75.0000
batch: 00164 lr: 0.050000 loss: 1.955998 err: 72.9167
batch: 00165 lr: 0.050000 loss: 1.907128 err: 72.9167
batch: 00166 lr: 0.050000 loss: 1.913107 err: 66.6667
batch: 00167 lr: 0.050000 loss: 2.058194 err: 77.0833
batch: 00168 lr: 0.050000 loss: 1.948619 err: 66.6667
batch: 00169 lr: 0.050000 loss: 1.827420 err: 64.5833
batch: 00170 lr: 0.050000 loss: 1.964222 err: 75.0000
batch: 00171 lr: 0.050000 loss: 1.842299 err: 66.6667
batch: 00172 lr: 0.050000 loss: 2.062986 err: 79.1667
batch: 00173 lr: 0.050000 loss: 2.054194 err: 75.0000
batch: 00174 lr: 0.050000 loss: 2.024736 err: 72.9167
batch: 00175 lr: 0.050000 loss: 1.967519 err: 72.9167
batch: 00176 lr: 0.050000 loss: 1.893546 err: 66.6667
batch: 00177 lr: 0.050000 loss: 2.076402 err: 83.3333
batch: 00178 lr: 0.050000 loss: 1.872887 err: 58.3333
batch: 00179 lr: 0.050000 loss: 1.968482 err: 68.7500
batch: 00180 lr: 0.050000 loss: 1.795144 err: 64.5833
batch: 00181 lr: 0.050000 loss: 2.026429 err: 62.5000
batch: 00182 lr: 0.050000 loss: 2.046153 err: 75.0000
batch: 00183 lr: 0.050000 loss: 2.034062 err: 72.9167
batch: 00184 lr: 0.050000 loss: 1.963759 err: 72.9167
batch: 00185 lr: 0.050000 loss: 2.204371 err: 77.0833
batch: 00186 lr: 0.050000 loss: 1.876245 err: 68.7500
batch: 00187 lr: 0.050000 loss: 1.856772 err: 77.0833
batch: 00188 lr: 0.050000 loss: 1.701203 err: 54.1667
batch: 00189 lr: 0.050000 loss: 1.960523 err: 66.6667
batch: 00190 lr: 0.050000 loss: 2.060594 err: 75.0000
batch: 00191 lr: 0.050000 loss: 1.989619 err: 72.9167
batch: 00192 lr: 0.050000 loss: 1.892232 err: 66.6667
batch: 00193 lr: 0.050000 loss: 1.935156 err: 72.9167
batch: 00194 lr: 0.050000 loss: 1.782738 err: 64.5833
batch: 00195 lr: 0.050000 loss: 1.874097 err: 68.7500
batch: 00196 lr: 0.050000 loss: 1.886759 err: 68.7500
batch: 00197 lr: 0.050000 loss: 2.079181 err: 72.9167
batch: 00198 lr: 0.050000 loss: 2.004457 err: 70.8333
batch: 00199 lr: 0.050000 loss: 1.847853 err: 62.5000
batch: 00200 lr: 0.050000 loss: 1.858797 err: 68.7500
batch: 00201 lr: 0.050000 loss: 1.917017 err: 70.8333
batch: 00202 lr: 0.050000 loss: 1.929731 err: 68.7500
batch: 00203 lr: 0.050000 loss: 1.775302 err: 60.4167
batch: 00204 lr: 0.050000 loss: 1.968608 err: 75.0000
batch: 00205 lr: 0.050000 loss: 1.843119 err: 58.3333
batch: 00206 lr: 0.050000 loss: 1.786907 err: 60.4167
batch: 00207 lr: 0.050000 loss: 1.945678 err: 70.8333
batch: 00208 lr: 0.050000 loss: 1.876678 err: 60.4167
batch: 00209 lr: 0.050000 loss: 1.873205 err: 64.5833
batch: 00210 lr: 0.050000 loss: 1.881847 err: 64.5833
batch: 00211 lr: 0.050000 loss: 1.969047 err: 72.9167
batch: 00212 lr: 0.050000 loss: 1.929142 err: 70.8333
batch: 00213 lr: 0.050000 loss: 2.077932 err: 72.9167
batch: 00214 lr: 0.050000 loss: 2.201349 err: 75.0000
batch: 00215 lr: 0.050000 loss: 2.029871 err: 66.6667
batch: 00216 lr: 0.050000 loss: 1.829872 err: 58.3333
batch: 00217 lr: 0.050000 loss: 1.813083 err: 72.9167
batch: 00218 lr: 0.050000 loss: 2.064920 err: 70.8333
batch: 00219 lr: 0.050000 loss: 1.873064 err: 60.4167
batch: 00220 lr: 0.050000 loss: 1.938559 err: 68.7500
batch: 00221 lr: 0.050000 loss: 1.781833 err: 64.5833
batch: 00222 lr: 0.050000 loss: 1.883969 err: 60.4167
batch: 00223 lr: 0.050000 loss: 1.831081 err: 64.5833
batch: 00224 lr: 0.050000 loss: 1.975424 err: 72.9167
batch: 00225 lr: 0.050000 loss: 2.018413 err: 77.0833
batch: 00226 lr: 0.050000 loss: 1.843063 err: 56.2500
batch: 00227 lr: 0.050000 loss: 1.769858 err: 64.5833
batch: 00228 lr: 0.050000 loss: 1.818729 err: 66.6667
batch: 00229 lr: 0.050000 loss: 1.987660 err: 66.6667
batch: 00230 lr: 0.050000 loss: 1.966911 err: 72.9167
batch: 00231 lr: 0.050000 loss: 1.632608 err: 52.0833
batch: 00232 lr: 0.050000 loss: 1.843018 err: 62.5000
batch: 00233 lr: 0.050000 loss: 1.974241 err: 72.9167
batch: 00234 lr: 0.050000 loss: 1.855633 err: 66.6667
batch: 00235 lr: 0.050000 loss: 1.729699 err: 58.3333
batch: 00236 lr: 0.050000 loss: 1.875844 err: 68.7500
batch: 00237 lr: 0.050000 loss: 1.830603 err: 58.3333
batch: 00238 lr: 0.050000 loss: 1.732426 err: 60.4167
batch: 00239 lr: 0.050000 loss: 1.905458 err: 60.4167
batch: 00240 lr: 0.050000 loss: 1.660054 err: 62.5000
batch: 00241 lr: 0.050000 loss: 1.864622 err: 62.5000
batch: 00242 lr: 0.050000 loss: 1.904965 err: 64.5833
batch: 00243 lr: 0.050000 loss: 2.068718 err: 68.7500
batch: 00244 lr: 0.050000 loss: 1.883508 err: 62.5000
batch: 00245 lr: 0.050000 loss: 1.841442 err: 66.6667
batch: 00246 lr: 0.050000 loss: 1.792646 err: 68.7500
batch: 00247 lr: 0.050000 loss: 1.920565 err: 77.0833
batch: 00248 lr: 0.050000 loss: 1.899739 err: 62.5000
batch: 00249 lr: 0.050000 loss: 1.837729 err: 66.6667
batch: 00250 lr: 0.050000 loss: 1.850559 err: 64.5833
batch: 00251 lr: 0.050000 loss: 1.772737 err: 60.4167
batch: 00252 lr: 0.050000 loss: 1.999853 err: 70.8333
batch: 00253 lr: 0.050000 loss: 1.931810 err: 70.8333
batch: 00254 lr: 0.050000 loss: 1.812849 err: 58.3333
batch: 00255 lr: 0.050000 loss: 1.759033 err: 56.2500
batch: 00256 lr: 0.050000 loss: 1.849049 err: 70.8333
batch: 00257 lr: 0.050000 loss: 1.938032 err: 68.7500
batch: 00258 lr: 0.050000 loss: 1.833754 err: 60.4167
batch: 00259 lr: 0.050000 loss: 2.015644 err: 75.0000
batch: 00260 lr: 0.050000 loss: 1.888319 err: 68.7500
batch: 00261 lr: 0.050000 loss: 1.831196 err: 64.5833
batch: 00262 lr: 0.050000 loss: 2.182783 err: 70.8333
batch: 00263 lr: 0.050000 loss: 2.126940 err: 81.2500
batch: 00264 lr: 0.050000 loss: 2.097980 err: 72.9167
batch: 00265 lr: 0.050000 loss: 1.867103 err: 62.5000
batch: 00266 lr: 0.050000 loss: 1.795728 err: 62.5000
batch: 00267 lr: 0.050000 loss: 1.717601 err: 52.0833
batch: 00268 lr: 0.050000 loss: 1.816946 err: 64.5833
batch: 00269 lr: 0.050000 loss: 1.778627 err: 62.5000
batch: 00270 lr: 0.050000 loss: 1.992689 err: 72.9167
batch: 00271 lr: 0.050000 loss: 1.977227 err: 66.6667
batch: 00272 lr: 0.050000 loss: 2.073065 err: 77.0833
batch: 00273 lr: 0.050000 loss: 1.965037 err: 70.8333
batch: 00274 lr: 0.050000 loss: 1.674125 err: 52.0833
batch: 00275 lr: 0.050000 loss: 2.071885 err: 70.8333
batch: 00276 lr: 0.050000 loss: 1.847463 err: 62.5000
batch: 00277 lr: 0.050000 loss: 1.977867 err: 66.6667
batch: 00278 lr: 0.050000 loss: 1.792555 err: 56.2500
batch: 00279 lr: 0.050000 loss: 1.917697 err: 72.9167
batch: 00280 lr: 0.050000 loss: 1.847342 err: 64.5833
batch: 00281 lr: 0.050000 loss: 1.738303 err: 54.1667
batch: 00282 lr: 0.050000 loss: 1.890281 err: 72.9167
batch: 00283 lr: 0.050000 loss: 1.727258 err: 60.4167
batch: 00284 lr: 0.050000 loss: 1.763221 err: 66.6667
batch: 00285 lr: 0.050000 loss: 1.916220 err: 64.5833
batch: 00286 lr: 0.050000 loss: 2.053555 err: 70.8333
batch: 00287 lr: 0.050000 loss: 1.715287 err: 62.5000
batch: 00288 lr: 0.050000 loss: 1.850016 err: 70.8333
batch: 00289 lr: 0.050000 loss: 1.829483 err: 58.3333
batch: 00290 lr: 0.050000 loss: 1.916163 err: 77.0833
batch: 00291 lr: 0.050000 loss: 1.877511 err: 70.8333
batch: 00292 lr: 0.050000 loss: 2.097756 err: 72.9167
batch: 00293 lr: 0.050000 loss: 1.787421 err: 60.4167
batch: 00294 lr: 0.050000 loss: 1.640604 err: 56.2500
batch: 00295 lr: 0.050000 loss: 1.945185 err: 68.7500
batch: 00296 lr: 0.050000 loss: 1.947838 err: 77.0833
batch: 00297 lr: 0.050000 loss: 1.747139 err: 52.0833
batch: 00298 lr: 0.050000 loss: 1.899265 err: 68.7500
batch: 00299 lr: 0.050000 loss: 1.818948 err: 62.5000
batch: 00300 lr: 0.050000 loss: 1.928355 err: 70.8333
batch: 00301 lr: 0.050000 loss: 1.749504 err: 62.5000
batch: 00302 lr: 0.050000 loss: 1.901969 err: 66.6667
batch: 00303 lr: 0.050000 loss: 1.907934 err: 64.5833
batch: 00304 lr: 0.050000 loss: 1.683251 err: 56.2500
batch: 00305 lr: 0.050000 loss: 1.775717 err: 62.5000
batch: 00306 lr: 0.050000 loss: 1.869680 err: 66.6667
batch: 00307 lr: 0.050000 loss: 1.790926 err: 66.6667
batch: 00308 lr: 0.050000 loss: 1.861243 err: 64.5833
batch: 00309 lr: 0.050000 loss: 2.181133 err: 72.9167
batch: 00310 lr: 0.050000 loss: 1.643145 err: 54.1667
batch: 00311 lr: 0.050000 loss: 2.016629 err: 68.7500
batch: 00312 lr: 0.050000 loss: 1.897522 err: 64.5833
batch: 00313 lr: 0.050000 loss: 1.664928 err: 58.3333
batch: 00314 lr: 0.050000 loss: 1.774701 err: 68.7500
batch: 00315 lr: 0.050000 loss: 1.819162 err: 70.8333
batch: 00316 lr: 0.050000 loss: 1.712063 err: 58.3333
batch: 00317 lr: 0.050000 loss: 1.972650 err: 72.9167
batch: 00318 lr: 0.050000 loss: 1.868423 err: 66.6667
batch: 00319 lr: 0.050000 loss: 1.915233 err: 68.7500
batch: 00320 lr: 0.050000 loss: 1.833187 err: 70.8333
batch: 00321 lr: 0.050000 loss: 1.856579 err: 70.8333
batch: 00322 lr: 0.050000 loss: 1.801777 err: 56.2500
batch: 00323 lr: 0.050000 loss: 1.959775 err: 66.6667
batch: 00324 lr: 0.050000 loss: 1.609555 err: 52.0833
batch: 00325 lr: 0.050000 loss: 1.717593 err: 60.4167
batch: 00326 lr: 0.050000 loss: 1.819075 err: 66.6667
batch: 00327 lr: 0.050000 loss: 1.783605 err: 66.6667
batch: 00328 lr: 0.050000 loss: 1.869122 err: 70.8333
batch: 00329 lr: 0.050000 loss: 1.935982 err: 66.6667
batch: 00330 lr: 0.050000 loss: 2.001692 err: 72.9167
batch: 00331 lr: 0.050000 loss: 1.778111 err: 60.4167
batch: 00332 lr: 0.050000 loss: 1.622155 err: 54.1667
batch: 00333 lr: 0.050000 loss: 1.761739 err: 58.3333
batch: 00334 lr: 0.050000 loss: 1.906793 err: 68.7500
batch: 00335 lr: 0.050000 loss: 1.839213 err: 60.4167
batch: 00336 lr: 0.050000 loss: 1.625810 err: 56.2500
batch: 00337 lr: 0.050000 loss: 1.767846 err: 60.4167
batch: 00338 lr: 0.050000 loss: 1.730520 err: 52.0833
batch: 00339 lr: 0.050000 loss: 1.530793 err: 52.0833
batch: 00340 lr: 0.050000 loss: 1.588026 err: 52.0833
batch: 00341 lr: 0.050000 loss: 1.557020 err: 62.5000
batch: 00342 lr: 0.050000 loss: 1.750386 err: 64.5833
batch: 00343 lr: 0.050000 loss: 1.693441 err: 62.5000
batch: 00344 lr: 0.050000 loss: 1.606141 err: 66.6667
batch: 00345 lr: 0.050000 loss: 1.807760 err: 60.4167
batch: 00346 lr: 0.050000 loss: 1.676585 err: 68.7500
batch: 00347 lr: 0.050000 loss: 1.738848 err: 56.2500
batch: 00348 lr: 0.050000 loss: 1.727806 err: 58.3333
batch: 00349 lr: 0.050000 loss: 1.710835 err: 66.6667
batch: 00350 lr: 0.050000 loss: 1.984387 err: 70.8333
batch: 00351 lr: 0.050000 loss: 1.805931 err: 62.5000
batch: 00352 lr: 0.050000 loss: 1.821411 err: 62.5000
batch: 00353 lr: 0.050000 loss: 1.857756 err: 68.7500
batch: 00354 lr: 0.050000 loss: 1.777904 err: 68.7500
batch: 00355 lr: 0.050000 loss: 1.789885 err: 52.0833
batch: 00356 lr: 0.050000 loss: 1.870416 err: 70.8333
batch: 00357 lr: 0.050000 loss: 1.742056 err: 64.5833
batch: 00358 lr: 0.050000 loss: 1.644760 err: 70.8333
batch: 00359 lr: 0.050000 loss: 1.767850 err: 56.2500
batch: 00360 lr: 0.050000 loss: 1.864000 err: 68.7500
batch: 00361 lr: 0.050000 loss: 1.770487 err: 60.4167
batch: 00362 lr: 0.050000 loss: 1.681331 err: 58.3333
batch: 00363 lr: 0.050000 loss: 1.754366 err: 66.6667
batch: 00364 lr: 0.050000 loss: 1.594918 err: 47.9167
batch: 00365 lr: 0.050000 loss: 1.909214 err: 68.7500
batch: 00366 lr: 0.050000 loss: 2.060137 err: 70.8333
batch: 00367 lr: 0.050000 loss: 1.755284 err: 60.4167
batch: 00368 lr: 0.050000 loss: 1.684746 err: 56.2500
batch: 00369 lr: 0.050000 loss: 1.785474 err: 62.5000
batch: 00370 lr: 0.050000 loss: 1.870882 err: 62.5000
batch: 00371 lr: 0.050000 loss: 1.843202 err: 60.4167
batch: 00372 lr: 0.050000 loss: 1.609888 err: 52.0833
batch: 00373 lr: 0.050000 loss: 1.609251 err: 39.5833
batch: 00374 lr: 0.050000 loss: 1.664895 err: 56.2500
batch: 00375 lr: 0.050000 loss: 1.708803 err: 54.1667
batch: 00376 lr: 0.050000 loss: 1.576555 err: 50.0000
batch: 00377 lr: 0.050000 loss: 1.559835 err: 54.1667
batch: 00378 lr: 0.050000 loss: 1.706018 err: 68.7500
batch: 00379 lr: 0.050000 loss: 1.556407 err: 58.3333
batch: 00380 lr: 0.050000 loss: 1.510434 err: 60.4167
batch: 00381 lr: 0.050000 loss: 1.567501 err: 47.9167
batch: 00382 lr: 0.050000 loss: 1.738450 err: 54.1667
batch: 00383 lr: 0.050000 loss: 1.653131 err: 64.5833
batch: 00384 lr: 0.050000 loss: 1.685820 err: 58.3333
batch: 00385 lr: 0.050000 loss: 1.664034 err: 54.1667
batch: 00386 lr: 0.050000 loss: 1.660745 err: 60.4167
batch: 00387 lr: 0.050000 loss: 1.293044 err: 41.6667
batch: 00388 lr: 0.050000 loss: 1.645331 err: 58.3333
batch: 00389 lr: 0.050000 loss: 1.685749 err: 56.2500
batch: 00390 lr: 0.050000 loss: 1.510126 err: 50.0000
batch: 00391 lr: 0.050000 loss: 1.739267 err: 62.5000
batch: 00392 lr: 0.050000 loss: 1.613750 err: 60.4167
